Added Component: Designator=P1(HDR2X10)
Added Component: Designator=R1_diff_amp1(RESC1608L)
Added Component: Designator=R1_diff_amp2(RESC1608L)
Added Component: Designator=R1_diff_amp3(RESC1608L)
Added Component: Designator=R1_diff_amp4(RESC1608L)
Added Component: Designator=R1_diff_amp5(RESC1608L)
Added Component: Designator=R1_diff_amp6(RESC1608L)
Added Component: Designator=R1_diff_amp7(RESC1608L)
Added Component: Designator=R1_diff_amp8(RESC1608L)
Added Component: Designator=R2_diff_amp1(RESC1608L)
Added Component: Designator=R2_diff_amp2(RESC1608L)
Added Component: Designator=R2_diff_amp3(RESC1608L)
Added Component: Designator=R2_diff_amp4(RESC1608L)
Added Component: Designator=R2_diff_amp5(RESC1608L)
Added Component: Designator=R2_diff_amp6(RESC1608L)
Added Component: Designator=R2_diff_amp7(RESC1608L)
Added Component: Designator=R2_diff_amp8(RESC1608L)
Added Component: Designator=R3_diff_amp1(RESC1608L)
Added Component: Designator=R3_diff_amp2(RESC1608L)
Added Component: Designator=R3_diff_amp3(RESC1608L)
Added Component: Designator=R3_diff_amp4(RESC1608L)
Added Component: Designator=R3_diff_amp5(RESC1608L)
Added Component: Designator=R3_diff_amp6(RESC1608L)
Added Component: Designator=R3_diff_amp7(RESC1608L)
Added Component: Designator=R3_diff_amp8(RESC1608L)
Added Component: Designator=R4_diff_amp1(RESC1608L)
Added Component: Designator=R4_diff_amp2(RESC1608L)
Added Component: Designator=R4_diff_amp3(RESC1608L)
Added Component: Designator=R4_diff_amp4(RESC1608L)
Added Component: Designator=R4_diff_amp5(RESC1608L)
Added Component: Designator=R4_diff_amp6(RESC1608L)
Added Component: Designator=R4_diff_amp7(RESC1608L)
Added Component: Designator=R4_diff_amp8(RESC1608L)
Added Component: Designator=U1_diff_amp1(MRA08B_M)
Added Component: Designator=U1_diff_amp2(MRA08B_M)
Added Component: Designator=U1_diff_amp3(MRA08B_M)
Added Component: Designator=U1_diff_amp4(MRA08B_M)
Added Component: Designator=U1_diff_amp5(MRA08B_M)
Added Component: Designator=U1_diff_amp6(MRA08B_M)
Added Component: Designator=U1_diff_amp7(MRA08B_M)
Added Component: Designator=U1_diff_amp8(MRA08B_M)
Added Pin To Net: NetName=GND Pin=P1-1
Added Pin To Net: NetName=GND Pin=P1-2
Added Pin To Net: NetName=GND Pin=P1-19
Added Pin To Net: NetName=GND Pin=P1-20
Added Pin To Net: NetName=GND Pin=U1_diff_amp1-2
Added Pin To Net: NetName=GND Pin=U1_diff_amp2-2
Added Pin To Net: NetName=GND Pin=U1_diff_amp3-2
Added Pin To Net: NetName=GND Pin=U1_diff_amp4-2
Added Pin To Net: NetName=GND Pin=U1_diff_amp5-2
Added Pin To Net: NetName=GND Pin=U1_diff_amp6-2
Added Pin To Net: NetName=GND Pin=U1_diff_amp7-2
Added Pin To Net: NetName=GND Pin=U1_diff_amp8-2
Added Net: Name=GND
Added Pin To Net: NetName=INPUT+1 Pin=P1-3
Added Pin To Net: NetName=INPUT+1 Pin=R1_diff_amp1-1
Added Net: Name=INPUT+1
Added Pin To Net: NetName=INPUT+2 Pin=P1-5
Added Pin To Net: NetName=INPUT+2 Pin=R1_diff_amp2-1
Added Net: Name=INPUT+2
Added Pin To Net: NetName=INPUT+3 Pin=P1-7
Added Pin To Net: NetName=INPUT+3 Pin=R1_diff_amp3-1
Added Net: Name=INPUT+3
Added Pin To Net: NetName=INPUT+4 Pin=P1-9
Added Pin To Net: NetName=INPUT+4 Pin=R1_diff_amp4-1
Added Net: Name=INPUT+4
Added Pin To Net: NetName=INPUT+5 Pin=P1-11
Added Pin To Net: NetName=INPUT+5 Pin=R1_diff_amp5-1
Added Net: Name=INPUT+5
Added Pin To Net: NetName=INPUT+6 Pin=P1-13
Added Pin To Net: NetName=INPUT+6 Pin=R1_diff_amp6-1
Added Net: Name=INPUT+6
Added Pin To Net: NetName=INPUT+7 Pin=P1-15
Added Pin To Net: NetName=INPUT+7 Pin=R1_diff_amp7-1
Added Net: Name=INPUT+7
Added Pin To Net: NetName=INPUT+8 Pin=P1-17
Added Pin To Net: NetName=INPUT+8 Pin=R1_diff_amp8-1
Added Net: Name=INPUT+8
Added Pin To Net: NetName=INPUT-1 Pin=R3_diff_amp1-1
Added Net: Name=INPUT-1
Added Pin To Net: NetName=INPUT-2 Pin=R3_diff_amp2-1
Added Net: Name=INPUT-2
Added Pin To Net: NetName=INPUT-3 Pin=R3_diff_amp3-1
Added Net: Name=INPUT-3
Added Pin To Net: NetName=INPUT-4 Pin=R3_diff_amp4-1
Added Net: Name=INPUT-4
Added Pin To Net: NetName=INPUT-5 Pin=R3_diff_amp5-1
Added Net: Name=INPUT-5
Added Pin To Net: NetName=INPUT-6 Pin=R3_diff_amp6-1
Added Net: Name=INPUT-6
Added Pin To Net: NetName=INPUT-7 Pin=R3_diff_amp7-1
Added Net: Name=INPUT-7
Added Pin To Net: NetName=INPUT-8 Pin=R3_diff_amp8-1
Added Net: Name=INPUT-8
Added Pin To Net: NetName=NetR1_diff_amp1_2 Pin=R1_diff_amp1-2
Added Pin To Net: NetName=NetR1_diff_amp1_2 Pin=R2_diff_amp1-2
Added Pin To Net: NetName=NetR1_diff_amp1_2 Pin=U1_diff_amp1-8
Added Net: Name=NetR1_diff_amp1_2
Added Pin To Net: NetName=NetR1_diff_amp2_2 Pin=R1_diff_amp2-2
Added Pin To Net: NetName=NetR1_diff_amp2_2 Pin=R2_diff_amp2-2
Added Pin To Net: NetName=NetR1_diff_amp2_2 Pin=U1_diff_amp2-8
Added Net: Name=NetR1_diff_amp2_2
Added Pin To Net: NetName=NetR1_diff_amp3_2 Pin=R1_diff_amp3-2
Added Pin To Net: NetName=NetR1_diff_amp3_2 Pin=R2_diff_amp3-2
Added Pin To Net: NetName=NetR1_diff_amp3_2 Pin=U1_diff_amp3-8
Added Net: Name=NetR1_diff_amp3_2
Added Pin To Net: NetName=NetR1_diff_amp4_2 Pin=R1_diff_amp4-2
Added Pin To Net: NetName=NetR1_diff_amp4_2 Pin=R2_diff_amp4-2
Added Pin To Net: NetName=NetR1_diff_amp4_2 Pin=U1_diff_amp4-8
Added Net: Name=NetR1_diff_amp4_2
Added Pin To Net: NetName=NetR1_diff_amp5_2 Pin=R1_diff_amp5-2
Added Pin To Net: NetName=NetR1_diff_amp5_2 Pin=R2_diff_amp5-2
Added Pin To Net: NetName=NetR1_diff_amp5_2 Pin=U1_diff_amp5-8
Added Net: Name=NetR1_diff_amp5_2
Added Pin To Net: NetName=NetR1_diff_amp6_2 Pin=R1_diff_amp6-2
Added Pin To Net: NetName=NetR1_diff_amp6_2 Pin=R2_diff_amp6-2
Added Pin To Net: NetName=NetR1_diff_amp6_2 Pin=U1_diff_amp6-8
Added Net: Name=NetR1_diff_amp6_2
Added Pin To Net: NetName=NetR1_diff_amp7_2 Pin=R1_diff_amp7-2
Added Pin To Net: NetName=NetR1_diff_amp7_2 Pin=R2_diff_amp7-2
Added Pin To Net: NetName=NetR1_diff_amp7_2 Pin=U1_diff_amp7-8
Added Net: Name=NetR1_diff_amp7_2
Added Pin To Net: NetName=NetR1_diff_amp8_2 Pin=R1_diff_amp8-2
Added Pin To Net: NetName=NetR1_diff_amp8_2 Pin=R2_diff_amp8-2
Added Pin To Net: NetName=NetR1_diff_amp8_2 Pin=U1_diff_amp8-8
Added Net: Name=NetR1_diff_amp8_2
Added Pin To Net: NetName=NetR2_diff_amp1_1 Pin=R2_diff_amp1-1
Added Pin To Net: NetName=NetR2_diff_amp1_1 Pin=U1_diff_amp1-4
Added Net: Name=NetR2_diff_amp1_1
Added Pin To Net: NetName=NetR2_diff_amp2_1 Pin=R2_diff_amp2-1
Added Pin To Net: NetName=NetR2_diff_amp2_1 Pin=U1_diff_amp2-4
Added Net: Name=NetR2_diff_amp2_1
Added Pin To Net: NetName=NetR2_diff_amp3_1 Pin=R2_diff_amp3-1
Added Pin To Net: NetName=NetR2_diff_amp3_1 Pin=U1_diff_amp3-4
Added Net: Name=NetR2_diff_amp3_1
Added Pin To Net: NetName=NetR2_diff_amp4_1 Pin=R2_diff_amp4-1
Added Pin To Net: NetName=NetR2_diff_amp4_1 Pin=U1_diff_amp4-4
Added Net: Name=NetR2_diff_amp4_1
Added Pin To Net: NetName=NetR2_diff_amp5_1 Pin=R2_diff_amp5-1
Added Pin To Net: NetName=NetR2_diff_amp5_1 Pin=U1_diff_amp5-4
Added Net: Name=NetR2_diff_amp5_1
Added Pin To Net: NetName=NetR2_diff_amp6_1 Pin=R2_diff_amp6-1
Added Pin To Net: NetName=NetR2_diff_amp6_1 Pin=U1_diff_amp6-4
Added Net: Name=NetR2_diff_amp6_1
Added Pin To Net: NetName=NetR2_diff_amp7_1 Pin=R2_diff_amp7-1
Added Pin To Net: NetName=NetR2_diff_amp7_1 Pin=U1_diff_amp7-4
Added Net: Name=NetR2_diff_amp7_1
Added Pin To Net: NetName=NetR2_diff_amp8_1 Pin=R2_diff_amp8-1
Added Pin To Net: NetName=NetR2_diff_amp8_1 Pin=U1_diff_amp8-4
Added Net: Name=NetR2_diff_amp8_1
Added Pin To Net: NetName=NetR3_diff_amp1_2 Pin=R3_diff_amp1-2
Added Pin To Net: NetName=NetR3_diff_amp1_2 Pin=R4_diff_amp1-2
Added Pin To Net: NetName=NetR3_diff_amp1_2 Pin=U1_diff_amp1-1
Added Net: Name=NetR3_diff_amp1_2
Added Pin To Net: NetName=NetR3_diff_amp2_2 Pin=R3_diff_amp2-2
Added Pin To Net: NetName=NetR3_diff_amp2_2 Pin=R4_diff_amp2-2
Added Pin To Net: NetName=NetR3_diff_amp2_2 Pin=U1_diff_amp2-1
Added Net: Name=NetR3_diff_amp2_2
Added Pin To Net: NetName=NetR3_diff_amp3_2 Pin=R3_diff_amp3-2
Added Pin To Net: NetName=NetR3_diff_amp3_2 Pin=R4_diff_amp3-2
Added Pin To Net: NetName=NetR3_diff_amp3_2 Pin=U1_diff_amp3-1
Added Net: Name=NetR3_diff_amp3_2
Added Pin To Net: NetName=NetR3_diff_amp4_2 Pin=R3_diff_amp4-2
Added Pin To Net: NetName=NetR3_diff_amp4_2 Pin=R4_diff_amp4-2
Added Pin To Net: NetName=NetR3_diff_amp4_2 Pin=U1_diff_amp4-1
Added Net: Name=NetR3_diff_amp4_2
Added Pin To Net: NetName=NetR3_diff_amp5_2 Pin=R3_diff_amp5-2
Added Pin To Net: NetName=NetR3_diff_amp5_2 Pin=R4_diff_amp5-2
Added Pin To Net: NetName=NetR3_diff_amp5_2 Pin=U1_diff_amp5-1
Added Net: Name=NetR3_diff_amp5_2
Added Pin To Net: NetName=NetR3_diff_amp6_2 Pin=R3_diff_amp6-2
Added Pin To Net: NetName=NetR3_diff_amp6_2 Pin=R4_diff_amp6-2
Added Pin To Net: NetName=NetR3_diff_amp6_2 Pin=U1_diff_amp6-1
Added Net: Name=NetR3_diff_amp6_2
Added Pin To Net: NetName=NetR3_diff_amp7_2 Pin=R3_diff_amp7-2
Added Pin To Net: NetName=NetR3_diff_amp7_2 Pin=R4_diff_amp7-2
Added Pin To Net: NetName=NetR3_diff_amp7_2 Pin=U1_diff_amp7-1
Added Net: Name=NetR3_diff_amp7_2
Added Pin To Net: NetName=NetR3_diff_amp8_2 Pin=R3_diff_amp8-2
Added Pin To Net: NetName=NetR3_diff_amp8_2 Pin=R4_diff_amp8-2
Added Pin To Net: NetName=NetR3_diff_amp8_2 Pin=U1_diff_amp8-1
Added Net: Name=NetR3_diff_amp8_2
Added Pin To Net: NetName=NetR4_diff_amp1_1 Pin=R4_diff_amp1-1
Added Pin To Net: NetName=NetR4_diff_amp1_1 Pin=U1_diff_amp1-5
Added Net: Name=NetR4_diff_amp1_1
Added Pin To Net: NetName=NetR4_diff_amp2_1 Pin=R4_diff_amp2-1
Added Pin To Net: NetName=NetR4_diff_amp2_1 Pin=U1_diff_amp2-5
Added Net: Name=NetR4_diff_amp2_1
Added Pin To Net: NetName=NetR4_diff_amp3_1 Pin=R4_diff_amp3-1
Added Pin To Net: NetName=NetR4_diff_amp3_1 Pin=U1_diff_amp3-5
Added Net: Name=NetR4_diff_amp3_1
Added Pin To Net: NetName=NetR4_diff_amp4_1 Pin=R4_diff_amp4-1
Added Pin To Net: NetName=NetR4_diff_amp4_1 Pin=U1_diff_amp4-5
Added Net: Name=NetR4_diff_amp4_1
Added Pin To Net: NetName=NetR4_diff_amp5_1 Pin=R4_diff_amp5-1
Added Pin To Net: NetName=NetR4_diff_amp5_1 Pin=U1_diff_amp5-5
Added Net: Name=NetR4_diff_amp5_1
Added Pin To Net: NetName=NetR4_diff_amp6_1 Pin=R4_diff_amp6-1
Added Pin To Net: NetName=NetR4_diff_amp6_1 Pin=U1_diff_amp6-5
Added Net: Name=NetR4_diff_amp6_1
Added Pin To Net: NetName=NetR4_diff_amp7_1 Pin=R4_diff_amp7-1
Added Pin To Net: NetName=NetR4_diff_amp7_1 Pin=U1_diff_amp7-5
Added Net: Name=NetR4_diff_amp7_1
Added Pin To Net: NetName=NetR4_diff_amp8_1 Pin=R4_diff_amp8-1
Added Pin To Net: NetName=NetR4_diff_amp8_1 Pin=U1_diff_amp8-5
Added Net: Name=NetR4_diff_amp8_1
Added Pin To Net: NetName=VCC Pin=U1_diff_amp1-3
Added Pin To Net: NetName=VCC Pin=U1_diff_amp2-3
Added Pin To Net: NetName=VCC Pin=U1_diff_amp3-3
Added Pin To Net: NetName=VCC Pin=U1_diff_amp4-3
Added Pin To Net: NetName=VCC Pin=U1_diff_amp5-3
Added Pin To Net: NetName=VCC Pin=U1_diff_amp6-3
Added Pin To Net: NetName=VCC Pin=U1_diff_amp7-3
Added Pin To Net: NetName=VCC Pin=U1_diff_amp8-3
Added Net: Name=VCC
Added Pin To Net: NetName=VEE Pin=U1_diff_amp1-6
Added Pin To Net: NetName=VEE Pin=U1_diff_amp1-7
Added Pin To Net: NetName=VEE Pin=U1_diff_amp2-6
Added Pin To Net: NetName=VEE Pin=U1_diff_amp2-7
Added Pin To Net: NetName=VEE Pin=U1_diff_amp3-6
Added Pin To Net: NetName=VEE Pin=U1_diff_amp3-7
Added Pin To Net: NetName=VEE Pin=U1_diff_amp4-6
Added Pin To Net: NetName=VEE Pin=U1_diff_amp4-7
Added Pin To Net: NetName=VEE Pin=U1_diff_amp5-6
Added Pin To Net: NetName=VEE Pin=U1_diff_amp5-7
Added Pin To Net: NetName=VEE Pin=U1_diff_amp6-6
Added Pin To Net: NetName=VEE Pin=U1_diff_amp6-7
Added Pin To Net: NetName=VEE Pin=U1_diff_amp7-6
Added Pin To Net: NetName=VEE Pin=U1_diff_amp7-7
Added Pin To Net: NetName=VEE Pin=U1_diff_amp8-6
Added Pin To Net: NetName=VEE Pin=U1_diff_amp8-7
Added Net: Name=VEE
Added Class: Name=diff_amp1
Added Class: Name=diff_amp2
Added Class: Name=diff_amp3
Added Class: Name=diff_amp4
Added Class: Name=diff_amp5
Added Class: Name=diff_amp6
Added Class: Name=diff_amp7
Added Class: Name=diff_amp8
Added Class: Name=main
Added Class: Name=INPUT+[1..8]
Added Class: Name=INPUT-[1..8]
Added Class: Name=diff_amp
Added Room: Name=diff_amp1
Added Room: Name=diff_amp2
Added Room: Name=diff_amp3
Added Room: Name=diff_amp4
Added Room: Name=diff_amp5
Added Room: Name=diff_amp6
Added Room: Name=diff_amp7
Added Room: Name=diff_amp8
Added Room: Name=main
