Removed Pin From Net: NetName=VCC Pin=C4-2
Removed Pin From Net: NetName=IN+1 Pin=R1_IN1-1
Removed Pin From Net: NetName=OUT+1 Pin=R1_IN1-2
Removed Pin From Net: NetName=IN+2 Pin=R1_IN2-1
Removed Pin From Net: NetName=OUT+2 Pin=R1_IN2-2
Removed Pin From Net: NetName=IN+3 Pin=R1_IN3-1
Removed Pin From Net: NetName=OUT+3 Pin=R1_IN3-2
Removed Pin From Net: NetName=IN+4 Pin=R1_IN4-1
Removed Pin From Net: NetName=OUT+4 Pin=R1_IN4-2
Removed Pin From Net: NetName=IN+5 Pin=R1_IN5-1
Removed Pin From Net: NetName=OUT+5 Pin=R1_IN5-2
Removed Pin From Net: NetName=IN+6 Pin=R1_IN6-1
Removed Pin From Net: NetName=OUT+6 Pin=R1_IN6-2
Removed Pin From Net: NetName=IN+7 Pin=R1_IN7-1
Removed Pin From Net: NetName=OUT+7 Pin=R1_IN7-2
Removed Pin From Net: NetName=IN+8 Pin=R1_IN8-1
Removed Pin From Net: NetName=OUT+8 Pin=R1_IN8-2
Removed Pin From Net: NetName=IN-1 Pin=R2_IN1-1
Removed Pin From Net: NetName=OUT-1 Pin=R2_IN1-2
Removed Pin From Net: NetName=IN-2 Pin=R2_IN2-1
Removed Pin From Net: NetName=OUT-2 Pin=R2_IN2-2
Removed Pin From Net: NetName=IN-3 Pin=R2_IN3-1
Removed Pin From Net: NetName=OUT-3 Pin=R2_IN3-2
Removed Pin From Net: NetName=IN-4 Pin=R2_IN4-1
Removed Pin From Net: NetName=OUT-4 Pin=R2_IN4-2
Removed Pin From Net: NetName=IN-5 Pin=R2_IN5-1
Removed Pin From Net: NetName=OUT-5 Pin=R2_IN5-2
Removed Pin From Net: NetName=IN-6 Pin=R2_IN6-1
Removed Pin From Net: NetName=OUT-6 Pin=R2_IN6-2
Removed Pin From Net: NetName=IN-7 Pin=R2_IN7-1
Removed Pin From Net: NetName=OUT-7 Pin=R2_IN7-2
Removed Pin From Net: NetName=IN-8 Pin=R2_IN8-1
Removed Pin From Net: NetName=OUT-8 Pin=R2_IN8-2
Removed Pin From Net: NetName=OUT+1 Pin=U1_IN1-4
Removed Pin From Net: NetName=OUT-1 Pin=U1_IN1-5
Removed Pin From Net: NetName=OUT+2 Pin=U1_IN2-4
Removed Pin From Net: NetName=OUT-2 Pin=U1_IN2-5
Removed Pin From Net: NetName=OUT+3 Pin=U1_IN3-4
Removed Pin From Net: NetName=OUT-3 Pin=U1_IN3-5
Removed Pin From Net: NetName=OUT+4 Pin=U1_IN4-4
Removed Pin From Net: NetName=OUT-4 Pin=U1_IN4-5
Removed Pin From Net: NetName=OUT+5 Pin=U1_IN5-4
Removed Pin From Net: NetName=OUT-5 Pin=U1_IN5-5
Removed Pin From Net: NetName=OUT+6 Pin=U1_IN6-4
Removed Pin From Net: NetName=OUT-6 Pin=U1_IN6-5
Removed Pin From Net: NetName=OUT+7 Pin=U1_IN7-4
Removed Pin From Net: NetName=OUT-7 Pin=U1_IN7-5
Removed Pin From Net: NetName=OUT+8 Pin=U1_IN8-4
Removed Pin From Net: NetName=OUT-8 Pin=U1_IN8-5
Change Component Comment : Designator=R1_IN1 Old Comment=1k / 100k New Comment=1k / 10k
Change Component Comment : Designator=R1_IN2 Old Comment=1k / 100k New Comment=1k / 10k
Change Component Comment : Designator=R1_IN3 Old Comment=1k / 100k New Comment=1k / 10k
Change Component Comment : Designator=R1_IN4 Old Comment=1k / 100k New Comment=1k / 10k
Change Component Comment : Designator=R1_IN5 Old Comment=1k / 100k New Comment=1k / 10k
Change Component Comment : Designator=R1_IN6 Old Comment=1k / 100k New Comment=1k / 10k
Change Component Comment : Designator=R1_IN7 Old Comment=1k / 100k New Comment=1k / 10k
Change Component Comment : Designator=R1_IN8 Old Comment=1k / 100k New Comment=1k / 10k
Change Component Comment : Designator=R2_IN1 Old Comment=1k / 100k New Comment=1k / 10k
Change Component Comment : Designator=R2_IN2 Old Comment=1k / 100k New Comment=1k / 10k
Change Component Comment : Designator=R2_IN3 Old Comment=1k / 100k New Comment=1k / 10k
Change Component Comment : Designator=R2_IN4 Old Comment=1k / 100k New Comment=1k / 10k
Change Component Comment : Designator=R2_IN5 Old Comment=1k / 100k New Comment=1k / 10k
Change Component Comment : Designator=R2_IN6 Old Comment=1k / 100k New Comment=1k / 10k
Change Component Comment : Designator=R2_IN7 Old Comment=1k / 100k New Comment=1k / 10k
Change Component Comment : Designator=R2_IN8 Old Comment=1k / 100k New Comment=1k / 10k
Added Component: Designator=P1(MJ4RTHR)
Added Component: Designator=R3_IN1(RESC1608L)
Added Component: Designator=R3_IN2(RESC1608L)
Added Component: Designator=R3_IN3(RESC1608L)
Added Component: Designator=R3_IN4(RESC1608L)
Added Component: Designator=R3_IN5(RESC1608L)
Added Component: Designator=R3_IN6(RESC1608L)
Added Component: Designator=R3_IN7(RESC1608L)
Added Component: Designator=R3_IN8(RESC1608L)
Added Component: Designator=R4_IN1(RESC1608L)
Added Component: Designator=R4_IN2(RESC1608L)
Added Component: Designator=R4_IN3(RESC1608L)
Added Component: Designator=R4_IN4(RESC1608L)
Added Component: Designator=R4_IN5(RESC1608L)
Added Component: Designator=R4_IN6(RESC1608L)
Added Component: Designator=R4_IN7(RESC1608L)
Added Component: Designator=R4_IN8(RESC1608L)
Added Component: Designator=R5_IN1(RESC1608L)
Added Component: Designator=R5_IN2(RESC1608L)
Added Component: Designator=R5_IN3(RESC1608L)
Added Component: Designator=R5_IN4(RESC1608L)
Added Component: Designator=R5_IN5(RESC1608L)
Added Component: Designator=R5_IN6(RESC1608L)
Added Component: Designator=R5_IN7(RESC1608L)
Added Component: Designator=R5_IN8(RESC1608L)
Added Component: Designator=R6_IN1(RESC1608L)
Added Component: Designator=R6_IN2(RESC1608L)
Added Component: Designator=R6_IN3(RESC1608L)
Added Component: Designator=R6_IN4(RESC1608L)
Added Component: Designator=R6_IN5(RESC1608L)
Added Component: Designator=R6_IN6(RESC1608L)
Added Component: Designator=R6_IN7(RESC1608L)
Added Component: Designator=R6_IN8(RESC1608L)
Added Component: Designator=R7_IN1(RESC1608L)
Added Component: Designator=R7_IN2(RESC1608L)
Added Component: Designator=R7_IN3(RESC1608L)
Added Component: Designator=R7_IN4(RESC1608L)
Added Component: Designator=R7_IN5(RESC1608L)
Added Component: Designator=R7_IN6(RESC1608L)
Added Component: Designator=R7_IN7(RESC1608L)
Added Component: Designator=R7_IN8(RESC1608L)
Added Component: Designator=R8_IN1(RESC1608L)
Added Component: Designator=R8_IN2(RESC1608L)
Added Component: Designator=R8_IN3(RESC1608L)
Added Component: Designator=R8_IN4(RESC1608L)
Added Component: Designator=R8_IN5(RESC1608L)
Added Component: Designator=R8_IN6(RESC1608L)
Added Component: Designator=R8_IN7(RESC1608L)
Added Component: Designator=R8_IN8(RESC1608L)
Added Component: Designator=U2_IN1(SO-8_M)
Added Component: Designator=U2_IN2(SO-8_M)
Added Component: Designator=U2_IN3(SO-8_M)
Added Component: Designator=U2_IN4(SO-8_M)
Added Component: Designator=U2_IN5(SO-8_M)
Added Component: Designator=U2_IN6(SO-8_M)
Added Component: Designator=U2_IN7(SO-8_M)
Added Component: Designator=U2_IN8(SO-8_M)
Added Pin To Net: NetName=GND Pin=C1_IN1-1
Added Pin To Net: NetName=GND Pin=C1_IN1-1
Added Pin To Net: NetName=VCC Pin=C1_IN1-2
Added Pin To Net: NetName=GND Pin=C1_IN2-1
Added Pin To Net: NetName=GND Pin=C1_IN2-1
Added Pin To Net: NetName=VCC Pin=C1_IN2-2
Added Pin To Net: NetName=GND Pin=C1_IN3-1
Added Pin To Net: NetName=GND Pin=C1_IN3-1
Added Pin To Net: NetName=VCC Pin=C1_IN3-2
Added Pin To Net: NetName=GND Pin=C1_IN4-1
Added Pin To Net: NetName=GND Pin=C1_IN4-1
Added Pin To Net: NetName=VCC Pin=C1_IN4-2
Added Pin To Net: NetName=GND Pin=C1_IN5-1
Added Pin To Net: NetName=GND Pin=C1_IN5-1
Added Pin To Net: NetName=VCC Pin=C1_IN5-2
Added Pin To Net: NetName=GND Pin=C1_IN6-1
Added Pin To Net: NetName=GND Pin=C1_IN6-1
Added Pin To Net: NetName=VCC Pin=C1_IN6-2
Added Pin To Net: NetName=GND Pin=C1_IN7-1
Added Pin To Net: NetName=GND Pin=C1_IN7-1
Added Pin To Net: NetName=VCC Pin=C1_IN7-2
Added Pin To Net: NetName=GND Pin=C1_IN8-1
Added Pin To Net: NetName=GND Pin=C1_IN8-1
Added Pin To Net: NetName=VCC Pin=C1_IN8-2
Added Pin To Net: NetName=VEE Pin=C4-2
Added Pin To Net: NetName=VEE Pin=P1-1
Added Pin To Net: NetName=GND Pin=P1-2
Added Pin To Net: NetName=GND Pin=P1-3
Added Pin To Net: NetName=VCC Pin=P1-4
Added Pin To Net: NetName=OUT+1 Pin=R3_IN1-2
Added Pin To Net: NetName=OUT+2 Pin=R3_IN2-2
Added Pin To Net: NetName=OUT+3 Pin=R3_IN3-2
Added Pin To Net: NetName=OUT+4 Pin=R3_IN4-2
Added Pin To Net: NetName=OUT+5 Pin=R3_IN5-2
Added Pin To Net: NetName=OUT+6 Pin=R3_IN6-2
Added Pin To Net: NetName=OUT+7 Pin=R3_IN7-2
Added Pin To Net: NetName=OUT+8 Pin=R3_IN8-2
Added Pin To Net: NetName=OUT-1 Pin=R4_IN1-2
Added Pin To Net: NetName=OUT-2 Pin=R4_IN2-2
Added Pin To Net: NetName=OUT-3 Pin=R4_IN3-2
Added Pin To Net: NetName=OUT-4 Pin=R4_IN4-2
Added Pin To Net: NetName=OUT-5 Pin=R4_IN5-2
Added Pin To Net: NetName=OUT-6 Pin=R4_IN6-2
Added Pin To Net: NetName=OUT-7 Pin=R4_IN7-2
Added Pin To Net: NetName=OUT-8 Pin=R4_IN8-2
Added Pin To Net: NetName=IN+1 Pin=R6_IN1-1
Added Pin To Net: NetName=IN+2 Pin=R6_IN2-1
Added Pin To Net: NetName=IN+3 Pin=R6_IN3-1
Added Pin To Net: NetName=IN+4 Pin=R6_IN4-1
Added Pin To Net: NetName=IN+5 Pin=R6_IN5-1
Added Pin To Net: NetName=IN+6 Pin=R6_IN6-1
Added Pin To Net: NetName=IN+7 Pin=R6_IN7-1
Added Pin To Net: NetName=IN+8 Pin=R6_IN8-1
Added Pin To Net: NetName=IN-1 Pin=R8_IN1-1
Added Pin To Net: NetName=IN-2 Pin=R8_IN2-1
Added Pin To Net: NetName=IN-3 Pin=R8_IN3-1
Added Pin To Net: NetName=IN-4 Pin=R8_IN4-1
Added Pin To Net: NetName=IN-5 Pin=R8_IN5-1
Added Pin To Net: NetName=IN-6 Pin=R8_IN6-1
Added Pin To Net: NetName=IN-7 Pin=R8_IN7-1
Added Pin To Net: NetName=IN-8 Pin=R8_IN8-1
Added Pin To Net: NetName=GND Pin=U2_IN1-3
Added Pin To Net: NetName=VCC Pin=U2_IN1-4
Added Pin To Net: NetName=GND Pin=U2_IN1-5
Added Pin To Net: NetName=VCC Pin=U2_IN1-8
Added Pin To Net: NetName=GND Pin=U2_IN2-3
Added Pin To Net: NetName=VCC Pin=U2_IN2-4
Added Pin To Net: NetName=GND Pin=U2_IN2-5
Added Pin To Net: NetName=VCC Pin=U2_IN2-8
Added Pin To Net: NetName=GND Pin=U2_IN3-3
Added Pin To Net: NetName=VCC Pin=U2_IN3-4
Added Pin To Net: NetName=GND Pin=U2_IN3-5
Added Pin To Net: NetName=VCC Pin=U2_IN3-8
Added Pin To Net: NetName=GND Pin=U2_IN4-3
Added Pin To Net: NetName=VCC Pin=U2_IN4-4
Added Pin To Net: NetName=GND Pin=U2_IN4-5
Added Pin To Net: NetName=VCC Pin=U2_IN4-8
Added Pin To Net: NetName=GND Pin=U2_IN5-3
Added Pin To Net: NetName=VCC Pin=U2_IN5-4
Added Pin To Net: NetName=GND Pin=U2_IN5-5
Added Pin To Net: NetName=VCC Pin=U2_IN5-8
Added Pin To Net: NetName=GND Pin=U2_IN6-3
Added Pin To Net: NetName=VCC Pin=U2_IN6-4
Added Pin To Net: NetName=GND Pin=U2_IN6-5
Added Pin To Net: NetName=VCC Pin=U2_IN6-8
Added Pin To Net: NetName=GND Pin=U2_IN7-3
Added Pin To Net: NetName=VCC Pin=U2_IN7-4
Added Pin To Net: NetName=GND Pin=U2_IN7-5
Added Pin To Net: NetName=VCC Pin=U2_IN7-8
Added Pin To Net: NetName=GND Pin=U2_IN8-3
Added Pin To Net: NetName=VCC Pin=U2_IN8-4
Added Pin To Net: NetName=GND Pin=U2_IN8-5
Added Pin To Net: NetName=VCC Pin=U2_IN8-8
Added Pin To Net: NetName=NetR1_IN1_0 Pin=R1_IN1-1
Added Pin To Net: NetName=NetR1_IN1_0 Pin=R5_IN1-2
Added Pin To Net: NetName=NetR1_IN1_0 Pin=U2_IN1-1
Added Net: Name=NetR1_IN1_0
Added Pin To Net: NetName=NetR1_IN1_1 Pin=R1_IN1-2
Added Pin To Net: NetName=NetR1_IN1_1 Pin=R3_IN1-1
Added Pin To Net: NetName=NetR1_IN1_1 Pin=U1_IN1-4
Added Net: Name=NetR1_IN1_1
Added Pin To Net: NetName=NetR1_IN2_0 Pin=R1_IN2-1
Added Pin To Net: NetName=NetR1_IN2_0 Pin=R5_IN2-2
Added Pin To Net: NetName=NetR1_IN2_0 Pin=U2_IN2-1
Added Net: Name=NetR1_IN2_0
Added Pin To Net: NetName=NetR1_IN2_1 Pin=R1_IN2-2
Added Pin To Net: NetName=NetR1_IN2_1 Pin=R3_IN2-1
Added Pin To Net: NetName=NetR1_IN2_1 Pin=U1_IN2-4
Added Net: Name=NetR1_IN2_1
Added Pin To Net: NetName=NetR1_IN3_0 Pin=R1_IN3-1
Added Pin To Net: NetName=NetR1_IN3_0 Pin=R5_IN3-2
Added Pin To Net: NetName=NetR1_IN3_0 Pin=U2_IN3-1
Added Net: Name=NetR1_IN3_0
Added Pin To Net: NetName=NetR1_IN3_1 Pin=R1_IN3-2
Added Pin To Net: NetName=NetR1_IN3_1 Pin=R3_IN3-1
Added Pin To Net: NetName=NetR1_IN3_1 Pin=U1_IN3-4
Added Net: Name=NetR1_IN3_1
Added Pin To Net: NetName=NetR1_IN4_0 Pin=R1_IN4-1
Added Pin To Net: NetName=NetR1_IN4_0 Pin=R5_IN4-2
Added Pin To Net: NetName=NetR1_IN4_0 Pin=U2_IN4-1
Added Net: Name=NetR1_IN4_0
Added Pin To Net: NetName=NetR1_IN4_1 Pin=R1_IN4-2
Added Pin To Net: NetName=NetR1_IN4_1 Pin=R3_IN4-1
Added Pin To Net: NetName=NetR1_IN4_1 Pin=U1_IN4-4
Added Net: Name=NetR1_IN4_1
Added Pin To Net: NetName=NetR1_IN5_0 Pin=R1_IN5-1
Added Pin To Net: NetName=NetR1_IN5_0 Pin=R5_IN5-2
Added Pin To Net: NetName=NetR1_IN5_0 Pin=U2_IN5-1
Added Net: Name=NetR1_IN5_0
Added Pin To Net: NetName=NetR1_IN5_1 Pin=R1_IN5-2
Added Pin To Net: NetName=NetR1_IN5_1 Pin=R3_IN5-1
Added Pin To Net: NetName=NetR1_IN5_1 Pin=U1_IN5-4
Added Net: Name=NetR1_IN5_1
Added Pin To Net: NetName=NetR1_IN6_0 Pin=R1_IN6-1
Added Pin To Net: NetName=NetR1_IN6_0 Pin=R5_IN6-2
Added Pin To Net: NetName=NetR1_IN6_0 Pin=U2_IN6-1
Added Net: Name=NetR1_IN6_0
Added Pin To Net: NetName=NetR1_IN6_1 Pin=R1_IN6-2
Added Pin To Net: NetName=NetR1_IN6_1 Pin=R3_IN6-1
Added Pin To Net: NetName=NetR1_IN6_1 Pin=U1_IN6-4
Added Net: Name=NetR1_IN6_1
Added Pin To Net: NetName=NetR1_IN7_0 Pin=R1_IN7-1
Added Pin To Net: NetName=NetR1_IN7_0 Pin=R5_IN7-2
Added Pin To Net: NetName=NetR1_IN7_0 Pin=U2_IN7-1
Added Net: Name=NetR1_IN7_0
Added Pin To Net: NetName=NetR1_IN7_1 Pin=R1_IN7-2
Added Pin To Net: NetName=NetR1_IN7_1 Pin=R3_IN7-1
Added Pin To Net: NetName=NetR1_IN7_1 Pin=U1_IN7-4
Added Net: Name=NetR1_IN7_1
Added Pin To Net: NetName=NetR1_IN8_0 Pin=R1_IN8-1
Added Pin To Net: NetName=NetR1_IN8_0 Pin=R5_IN8-2
Added Pin To Net: NetName=NetR1_IN8_0 Pin=U2_IN8-1
Added Net: Name=NetR1_IN8_0
Added Pin To Net: NetName=NetR1_IN8_1 Pin=R1_IN8-2
Added Pin To Net: NetName=NetR1_IN8_1 Pin=R3_IN8-1
Added Pin To Net: NetName=NetR1_IN8_1 Pin=U1_IN8-4
Added Net: Name=NetR1_IN8_1
Added Pin To Net: NetName=NetR2_IN1_0 Pin=R2_IN1-1
Added Pin To Net: NetName=NetR2_IN1_0 Pin=U2_IN1-7
Added Net: Name=NetR2_IN1_0
Added Pin To Net: NetName=NetR2_IN1_1 Pin=R2_IN1-2
Added Pin To Net: NetName=NetR2_IN1_1 Pin=R4_IN1-1
Added Pin To Net: NetName=NetR2_IN1_1 Pin=U1_IN1-5
Added Net: Name=NetR2_IN1_1
Added Pin To Net: NetName=NetR2_IN2_0 Pin=R2_IN2-1
Added Pin To Net: NetName=NetR2_IN2_0 Pin=U2_IN2-7
Added Net: Name=NetR2_IN2_0
Added Pin To Net: NetName=NetR2_IN2_1 Pin=R2_IN2-2
Added Pin To Net: NetName=NetR2_IN2_1 Pin=R4_IN2-1
Added Pin To Net: NetName=NetR2_IN2_1 Pin=U1_IN2-5
Added Net: Name=NetR2_IN2_1
Added Pin To Net: NetName=NetR2_IN3_0 Pin=R2_IN3-1
Added Pin To Net: NetName=NetR2_IN3_0 Pin=U2_IN3-7
Added Net: Name=NetR2_IN3_0
Added Pin To Net: NetName=NetR2_IN3_1 Pin=R2_IN3-2
Added Pin To Net: NetName=NetR2_IN3_1 Pin=R4_IN3-1
Added Pin To Net: NetName=NetR2_IN3_1 Pin=U1_IN3-5
Added Net: Name=NetR2_IN3_1
Added Pin To Net: NetName=NetR2_IN4_0 Pin=R2_IN4-1
Added Pin To Net: NetName=NetR2_IN4_0 Pin=U2_IN4-7
Added Net: Name=NetR2_IN4_0
Added Pin To Net: NetName=NetR2_IN4_1 Pin=R2_IN4-2
Added Pin To Net: NetName=NetR2_IN4_1 Pin=R4_IN4-1
Added Pin To Net: NetName=NetR2_IN4_1 Pin=U1_IN4-5
Added Net: Name=NetR2_IN4_1
Added Pin To Net: NetName=NetR2_IN5_0 Pin=R2_IN5-1
Added Pin To Net: NetName=NetR2_IN5_0 Pin=U2_IN5-7
Added Net: Name=NetR2_IN5_0
Added Pin To Net: NetName=NetR2_IN5_1 Pin=R2_IN5-2
Added Pin To Net: NetName=NetR2_IN5_1 Pin=R4_IN5-1
Added Pin To Net: NetName=NetR2_IN5_1 Pin=U1_IN5-5
Added Net: Name=NetR2_IN5_1
Added Pin To Net: NetName=NetR2_IN6_0 Pin=R2_IN6-1
Added Pin To Net: NetName=NetR2_IN6_0 Pin=U2_IN6-7
Added Net: Name=NetR2_IN6_0
Added Pin To Net: NetName=NetR2_IN6_1 Pin=R2_IN6-2
Added Pin To Net: NetName=NetR2_IN6_1 Pin=R4_IN6-1
Added Pin To Net: NetName=NetR2_IN6_1 Pin=U1_IN6-5
Added Net: Name=NetR2_IN6_1
Added Pin To Net: NetName=NetR2_IN7_0 Pin=R2_IN7-1
Added Pin To Net: NetName=NetR2_IN7_0 Pin=U2_IN7-7
Added Net: Name=NetR2_IN7_0
Added Pin To Net: NetName=NetR2_IN7_1 Pin=R2_IN7-2
Added Pin To Net: NetName=NetR2_IN7_1 Pin=R4_IN7-1
Added Pin To Net: NetName=NetR2_IN7_1 Pin=U1_IN7-5
Added Net: Name=NetR2_IN7_1
Added Pin To Net: NetName=NetR2_IN8_0 Pin=R2_IN8-1
Added Pin To Net: NetName=NetR2_IN8_0 Pin=U2_IN8-7
Added Net: Name=NetR2_IN8_0
Added Pin To Net: NetName=NetR2_IN8_1 Pin=R2_IN8-2
Added Pin To Net: NetName=NetR2_IN8_1 Pin=R4_IN8-1
Added Pin To Net: NetName=NetR2_IN8_1 Pin=U1_IN8-5
Added Net: Name=NetR2_IN8_1
Added Pin To Net: NetName=NetR5_IN1_1 Pin=R5_IN1-1
Added Pin To Net: NetName=NetR5_IN1_1 Pin=R6_IN1-2
Added Pin To Net: NetName=NetR5_IN1_1 Pin=U2_IN1-2
Added Net: Name=NetR5_IN1_1
Added Pin To Net: NetName=NetR5_IN2_1 Pin=R5_IN2-1
Added Pin To Net: NetName=NetR5_IN2_1 Pin=R6_IN2-2
Added Pin To Net: NetName=NetR5_IN2_1 Pin=U2_IN2-2
Added Net: Name=NetR5_IN2_1
Added Pin To Net: NetName=NetR5_IN3_1 Pin=R5_IN3-1
Added Pin To Net: NetName=NetR5_IN3_1 Pin=R6_IN3-2
Added Pin To Net: NetName=NetR5_IN3_1 Pin=U2_IN3-2
Added Net: Name=NetR5_IN3_1
Added Pin To Net: NetName=NetR5_IN4_1 Pin=R5_IN4-1
Added Pin To Net: NetName=NetR5_IN4_1 Pin=R6_IN4-2
Added Pin To Net: NetName=NetR5_IN4_1 Pin=U2_IN4-2
Added Net: Name=NetR5_IN4_1
Added Pin To Net: NetName=NetR5_IN5_1 Pin=R5_IN5-1
Added Pin To Net: NetName=NetR5_IN5_1 Pin=R6_IN5-2
Added Pin To Net: NetName=NetR5_IN5_1 Pin=U2_IN5-2
Added Net: Name=NetR5_IN5_1
Added Pin To Net: NetName=NetR5_IN6_1 Pin=R5_IN6-1
Added Pin To Net: NetName=NetR5_IN6_1 Pin=R6_IN6-2
Added Pin To Net: NetName=NetR5_IN6_1 Pin=U2_IN6-2
Added Net: Name=NetR5_IN6_1
Added Pin To Net: NetName=NetR5_IN7_1 Pin=R5_IN7-1
Added Pin To Net: NetName=NetR5_IN7_1 Pin=R6_IN7-2
Added Pin To Net: NetName=NetR5_IN7_1 Pin=U2_IN7-2
Added Net: Name=NetR5_IN7_1
Added Pin To Net: NetName=NetR5_IN8_1 Pin=R5_IN8-1
Added Pin To Net: NetName=NetR5_IN8_1 Pin=R6_IN8-2
Added Pin To Net: NetName=NetR5_IN8_1 Pin=U2_IN8-2
Added Net: Name=NetR5_IN8_1
Added Pin To Net: NetName=NetR7_IN1_1 Pin=R7_IN1-1
Added Pin To Net: NetName=NetR7_IN1_1 Pin=R8_IN1-2
Added Pin To Net: NetName=NetR7_IN1_1 Pin=U2_IN1-6
Added Net: Name=NetR7_IN1_1
Added Pin To Net: NetName=NetR7_IN2_1 Pin=R7_IN2-1
Added Pin To Net: NetName=NetR7_IN2_1 Pin=R8_IN2-2
Added Pin To Net: NetName=NetR7_IN2_1 Pin=U2_IN2-6
Added Net: Name=NetR7_IN2_1
Added Pin To Net: NetName=NetR7_IN3_1 Pin=R7_IN3-1
Added Pin To Net: NetName=NetR7_IN3_1 Pin=R8_IN3-2
Added Pin To Net: NetName=NetR7_IN3_1 Pin=U2_IN3-6
Added Net: Name=NetR7_IN3_1
Added Pin To Net: NetName=NetR7_IN4_1 Pin=R7_IN4-1
Added Pin To Net: NetName=NetR7_IN4_1 Pin=R8_IN4-2
Added Pin To Net: NetName=NetR7_IN4_1 Pin=U2_IN4-6
Added Net: Name=NetR7_IN4_1
Added Pin To Net: NetName=NetR7_IN5_1 Pin=R7_IN5-1
Added Pin To Net: NetName=NetR7_IN5_1 Pin=R8_IN5-2
Added Pin To Net: NetName=NetR7_IN5_1 Pin=U2_IN5-6
Added Net: Name=NetR7_IN5_1
Added Pin To Net: NetName=NetR7_IN6_1 Pin=R7_IN6-1
Added Pin To Net: NetName=NetR7_IN6_1 Pin=R8_IN6-2
Added Pin To Net: NetName=NetR7_IN6_1 Pin=U2_IN6-6
Added Net: Name=NetR7_IN6_1
Added Pin To Net: NetName=NetR7_IN7_1 Pin=R7_IN7-1
Added Pin To Net: NetName=NetR7_IN7_1 Pin=R8_IN7-2
Added Pin To Net: NetName=NetR7_IN7_1 Pin=U2_IN7-6
Added Net: Name=NetR7_IN7_1
Added Pin To Net: NetName=NetR7_IN8_1 Pin=R7_IN8-1
Added Pin To Net: NetName=NetR7_IN8_1 Pin=R8_IN8-2
Added Pin To Net: NetName=NetR7_IN8_1 Pin=U2_IN8-6
Added Net: Name=NetR7_IN8_1
Added Member To Class: ClassName=main Member=Component P1 39-30-3045
Added Member To Class: ClassName=IN1 Member=Component R3_IN1 (R3) Res Semi
Added Member To Class: ClassName=IN2 Member=Component R3_IN2 (R3) Res Semi
Added Member To Class: ClassName=IN3 Member=Component R3_IN3 (R3) Res Semi
Added Member To Class: ClassName=IN4 Member=Component R3_IN4 (R3) Res Semi
Added Member To Class: ClassName=IN5 Member=Component R3_IN5 (R3) Res Semi
Added Member To Class: ClassName=IN6 Member=Component R3_IN6 (R3) Res Semi
Added Member To Class: ClassName=IN7 Member=Component R3_IN7 (R3) Res Semi
Added Member To Class: ClassName=IN8 Member=Component R3_IN8 (R3) Res Semi
Added Member To Class: ClassName=IN1 Member=Component R4_IN1 (R4) Res Semi
Added Member To Class: ClassName=IN2 Member=Component R4_IN2 (R4) Res Semi
Added Member To Class: ClassName=IN3 Member=Component R4_IN3 (R4) Res Semi
Added Member To Class: ClassName=IN4 Member=Component R4_IN4 (R4) Res Semi
Added Member To Class: ClassName=IN5 Member=Component R4_IN5 (R4) Res Semi
Added Member To Class: ClassName=IN6 Member=Component R4_IN6 (R4) Res Semi
Added Member To Class: ClassName=IN7 Member=Component R4_IN7 (R4) Res Semi
Added Member To Class: ClassName=IN8 Member=Component R4_IN8 (R4) Res Semi
Added Member To Class: ClassName=IN1 Member=Component R5_IN1 (R5) Res Semi
Added Member To Class: ClassName=IN2 Member=Component R5_IN2 (R5) Res Semi
Added Member To Class: ClassName=IN3 Member=Component R5_IN3 (R5) Res Semi
Added Member To Class: ClassName=IN4 Member=Component R5_IN4 (R5) Res Semi
Added Member To Class: ClassName=IN5 Member=Component R5_IN5 (R5) Res Semi
Added Member To Class: ClassName=IN6 Member=Component R5_IN6 (R5) Res Semi
Added Member To Class: ClassName=IN7 Member=Component R5_IN7 (R5) Res Semi
Added Member To Class: ClassName=IN8 Member=Component R5_IN8 (R5) Res Semi
Added Member To Class: ClassName=IN1 Member=Component R6_IN1 (R6) Res Semi
Added Member To Class: ClassName=IN2 Member=Component R6_IN2 (R6) Res Semi
Added Member To Class: ClassName=IN3 Member=Component R6_IN3 (R6) Res Semi
Added Member To Class: ClassName=IN4 Member=Component R6_IN4 (R6) Res Semi
Added Member To Class: ClassName=IN5 Member=Component R6_IN5 (R6) Res Semi
Added Member To Class: ClassName=IN6 Member=Component R6_IN6 (R6) Res Semi
Added Member To Class: ClassName=IN7 Member=Component R6_IN7 (R6) Res Semi
Added Member To Class: ClassName=IN8 Member=Component R6_IN8 (R6) Res Semi
Added Member To Class: ClassName=IN1 Member=Component R7_IN1 (R7) Res Semi
Added Member To Class: ClassName=IN2 Member=Component R7_IN2 (R7) Res Semi
Added Member To Class: ClassName=IN3 Member=Component R7_IN3 (R7) Res Semi
Added Member To Class: ClassName=IN4 Member=Component R7_IN4 (R7) Res Semi
Added Member To Class: ClassName=IN5 Member=Component R7_IN5 (R7) Res Semi
Added Member To Class: ClassName=IN6 Member=Component R7_IN6 (R7) Res Semi
Added Member To Class: ClassName=IN7 Member=Component R7_IN7 (R7) Res Semi
Added Member To Class: ClassName=IN8 Member=Component R7_IN8 (R7) Res Semi
Added Member To Class: ClassName=IN1 Member=Component R8_IN1 (R8) Res Semi
Added Member To Class: ClassName=IN2 Member=Component R8_IN2 (R8) Res Semi
Added Member To Class: ClassName=IN3 Member=Component R8_IN3 (R8) Res Semi
Added Member To Class: ClassName=IN4 Member=Component R8_IN4 (R8) Res Semi
Added Member To Class: ClassName=IN5 Member=Component R8_IN5 (R8) Res Semi
Added Member To Class: ClassName=IN6 Member=Component R8_IN6 (R8) Res Semi
Added Member To Class: ClassName=IN7 Member=Component R8_IN7 (R8) Res Semi
Added Member To Class: ClassName=IN8 Member=Component R8_IN8 (R8) Res Semi
Added Member To Class: ClassName=IN1 Member=Component U2_IN1 (U2A) OP284ES
Added Member To Class: ClassName=IN2 Member=Component U2_IN2 (U2A) OP284ES
Added Member To Class: ClassName=IN3 Member=Component U2_IN3 (U2A) OP284ES
Added Member To Class: ClassName=IN4 Member=Component U2_IN4 (U2A) OP284ES
Added Member To Class: ClassName=IN5 Member=Component U2_IN5 (U2A) OP284ES
Added Member To Class: ClassName=IN6 Member=Component U2_IN6 (U2A) OP284ES
Added Member To Class: ClassName=IN7 Member=Component U2_IN7 (U2A) OP284ES
Added Member To Class: ClassName=IN8 Member=Component U2_IN8 (U2A) OP284ES
