Removed Pin From Net: NetName=GND Pin=P1-1
Removed Pin From Net: NetName=GND Pin=P1-2
Removed Pin From Net: NetName=IN+1 Pin=P1-3
Removed Pin From Net: NetName=IN+2 Pin=P1-5
Removed Pin From Net: NetName=IN+3 Pin=P1-7
Removed Pin From Net: NetName=IN+4 Pin=P1-9
Removed Pin From Net: NetName=IN+5 Pin=P1-11
Removed Pin From Net: NetName=IN+6 Pin=P1-13
Removed Pin From Net: NetName=IN+7 Pin=P1-15
Removed Pin From Net: NetName=IN+8 Pin=P1-17
Removed Pin From Net: NetName=GND Pin=P1-19
Removed Pin From Net: NetName=GND Pin=P1-20
Change Component Designator: OldDesignator=R1_diff_amp1 NewDesignator=R1_IN1
Change Component Designator: OldDesignator=R1_diff_amp2 NewDesignator=R1_IN2
Change Component Designator: OldDesignator=R1_diff_amp3 NewDesignator=R1_IN3
Change Component Designator: OldDesignator=R1_diff_amp4 NewDesignator=R1_IN4
Change Component Designator: OldDesignator=R1_diff_amp5 NewDesignator=R1_IN5
Change Component Designator: OldDesignator=R1_diff_amp6 NewDesignator=R1_IN6
Change Component Designator: OldDesignator=R1_diff_amp7 NewDesignator=R1_IN7
Change Component Designator: OldDesignator=R1_diff_amp8 NewDesignator=R1_IN8
Change Component Designator: OldDesignator=R2_diff_amp1 NewDesignator=R2_IN1
Change Component Designator: OldDesignator=R2_diff_amp2 NewDesignator=R2_IN2
Change Component Designator: OldDesignator=R2_diff_amp3 NewDesignator=R2_IN3
Change Component Designator: OldDesignator=R2_diff_amp4 NewDesignator=R2_IN4
Change Component Designator: OldDesignator=R2_diff_amp5 NewDesignator=R2_IN5
Change Component Designator: OldDesignator=R2_diff_amp6 NewDesignator=R2_IN6
Change Component Designator: OldDesignator=R2_diff_amp7 NewDesignator=R2_IN7
Change Component Designator: OldDesignator=R2_diff_amp8 NewDesignator=R2_IN8
Change Component Designator: OldDesignator=R3_diff_amp1 NewDesignator=R3_IN1
Change Component Designator: OldDesignator=R3_diff_amp2 NewDesignator=R3_IN2
Change Component Designator: OldDesignator=R3_diff_amp3 NewDesignator=R3_IN3
Change Component Designator: OldDesignator=R3_diff_amp4 NewDesignator=R3_IN4
Change Component Designator: OldDesignator=R3_diff_amp5 NewDesignator=R3_IN5
Change Component Designator: OldDesignator=R3_diff_amp6 NewDesignator=R3_IN6
Change Component Designator: OldDesignator=R3_diff_amp7 NewDesignator=R3_IN7
Change Component Designator: OldDesignator=R3_diff_amp8 NewDesignator=R3_IN8
Change Component Designator: OldDesignator=R4_diff_amp1 NewDesignator=R4_IN1
Change Component Designator: OldDesignator=R4_diff_amp2 NewDesignator=R4_IN2
Change Component Designator: OldDesignator=R4_diff_amp3 NewDesignator=R4_IN3
Change Component Designator: OldDesignator=R4_diff_amp4 NewDesignator=R4_IN4
Change Component Designator: OldDesignator=R4_diff_amp5 NewDesignator=R4_IN5
Change Component Designator: OldDesignator=R4_diff_amp6 NewDesignator=R4_IN6
Change Component Designator: OldDesignator=R4_diff_amp7 NewDesignator=R4_IN7
Change Component Designator: OldDesignator=R4_diff_amp8 NewDesignator=R4_IN8
Change Component Designator: OldDesignator=U1_diff_amp1 NewDesignator=U1_IN1
Change Component Designator: OldDesignator=U1_diff_amp2 NewDesignator=U1_IN2
Change Component Designator: OldDesignator=U1_diff_amp3 NewDesignator=U1_IN3
Change Component Designator: OldDesignator=U1_diff_amp4 NewDesignator=U1_IN4
Change Component Designator: OldDesignator=U1_diff_amp5 NewDesignator=U1_IN5
Change Component Designator: OldDesignator=U1_diff_amp6 NewDesignator=U1_IN6
Change Component Designator: OldDesignator=U1_diff_amp7 NewDesignator=U1_IN7
Change Component Designator: OldDesignator=U1_diff_amp8 NewDesignator=U1_IN8
Added Component: Designator=JP2(HDR2X10)
Added Pin To Net: NetName=IN-1 Pin=JP2-3
Added Pin To Net: NetName=IN+1 Pin=JP2-4
Added Pin To Net: NetName=IN-2 Pin=JP2-5
Added Pin To Net: NetName=IN+2 Pin=JP2-6
Added Pin To Net: NetName=IN-3 Pin=JP2-7
Added Pin To Net: NetName=IN+3 Pin=JP2-8
Added Pin To Net: NetName=IN-4 Pin=JP2-9
Added Pin To Net: NetName=IN+4 Pin=JP2-10
Added Pin To Net: NetName=IN-5 Pin=JP2-11
Added Pin To Net: NetName=IN+5 Pin=JP2-12
Added Pin To Net: NetName=IN-6 Pin=JP2-13
Added Pin To Net: NetName=IN+6 Pin=JP2-14
Added Pin To Net: NetName=IN-7 Pin=JP2-15
Added Pin To Net: NetName=IN+7 Pin=JP2-16
Added Pin To Net: NetName=IN-8 Pin=JP2-17
Added Pin To Net: NetName=IN+8 Pin=JP2-18
Change Net Name : Old Net Name=NetR1_diff_amp1_2 New Net Name=NetR1_IN1_2
Change Net Name : Old Net Name=NetR1_diff_amp2_2 New Net Name=NetR1_IN2_2
Change Net Name : Old Net Name=NetR1_diff_amp3_2 New Net Name=NetR1_IN3_2
Change Net Name : Old Net Name=NetR1_diff_amp4_2 New Net Name=NetR1_IN4_2
Change Net Name : Old Net Name=NetR1_diff_amp5_2 New Net Name=NetR1_IN5_2
Change Net Name : Old Net Name=NetR1_diff_amp6_2 New Net Name=NetR1_IN6_2
Change Net Name : Old Net Name=NetR1_diff_amp7_2 New Net Name=NetR1_IN7_2
Change Net Name : Old Net Name=NetR1_diff_amp8_2 New Net Name=NetR1_IN8_2
Change Net Name : Old Net Name=NetR2_diff_amp1_1 New Net Name=NetR2_IN1_1
Change Net Name : Old Net Name=NetR2_diff_amp2_1 New Net Name=NetR2_IN2_1
Change Net Name : Old Net Name=NetR2_diff_amp3_1 New Net Name=NetR2_IN3_1
Change Net Name : Old Net Name=NetR2_diff_amp4_1 New Net Name=NetR2_IN4_1
Change Net Name : Old Net Name=NetR2_diff_amp5_1 New Net Name=NetR2_IN5_1
Change Net Name : Old Net Name=NetR2_diff_amp6_1 New Net Name=NetR2_IN6_1
Change Net Name : Old Net Name=NetR2_diff_amp7_1 New Net Name=NetR2_IN7_1
Change Net Name : Old Net Name=NetR2_diff_amp8_1 New Net Name=NetR2_IN8_1
Change Net Name : Old Net Name=NetR3_diff_amp1_2 New Net Name=NetR3_IN1_2
Change Net Name : Old Net Name=NetR3_diff_amp2_2 New Net Name=NetR3_IN2_2
Change Net Name : Old Net Name=NetR3_diff_amp3_2 New Net Name=NetR3_IN3_2
Change Net Name : Old Net Name=NetR3_diff_amp4_2 New Net Name=NetR3_IN4_2
Change Net Name : Old Net Name=NetR3_diff_amp5_2 New Net Name=NetR3_IN5_2
Change Net Name : Old Net Name=NetR3_diff_amp6_2 New Net Name=NetR3_IN6_2
Change Net Name : Old Net Name=NetR3_diff_amp7_2 New Net Name=NetR3_IN7_2
Change Net Name : Old Net Name=NetR3_diff_amp8_2 New Net Name=NetR3_IN8_2
Change Net Name : Old Net Name=NetR4_diff_amp1_1 New Net Name=NetR4_IN1_1
Change Net Name : Old Net Name=NetR4_diff_amp2_1 New Net Name=NetR4_IN2_1
Change Net Name : Old Net Name=NetR4_diff_amp3_1 New Net Name=NetR4_IN3_1
Change Net Name : Old Net Name=NetR4_diff_amp4_1 New Net Name=NetR4_IN4_1
Change Net Name : Old Net Name=NetR4_diff_amp5_1 New Net Name=NetR4_IN5_1
Change Net Name : Old Net Name=NetR4_diff_amp6_1 New Net Name=NetR4_IN6_1
Change Net Name : Old Net Name=NetR4_diff_amp7_1 New Net Name=NetR4_IN7_1
Change Net Name : Old Net Name=NetR4_diff_amp8_1 New Net Name=NetR4_IN8_1
Added Pin To Net: NetName=AGND Pin=JP2-1
Added Pin To Net: NetName=AGND Pin=JP2-2
Added Pin To Net: NetName=AGND Pin=JP2-19
Added Pin To Net: NetName=AGND Pin=JP2-20
Added Net: Name=AGND
Change Class Name : Old Net Name=diff_amp1 New Net Name=IN1
Change Class Name : Old Net Name=diff_amp2 New Net Name=IN2
Change Class Name : Old Net Name=diff_amp3 New Net Name=IN3
Change Class Name : Old Net Name=diff_amp4 New Net Name=IN4
Change Class Name : Old Net Name=diff_amp5 New Net Name=IN5
Change Class Name : Old Net Name=diff_amp6 New Net Name=IN6
Change Class Name : Old Net Name=diff_amp7 New Net Name=IN7
Change Class Name : Old Net Name=diff_amp8 New Net Name=IN8
Added Class: Name=main
Added Room: Name=IN1
Added Room: Name=IN2
Added Room: Name=IN3
Added Room: Name=IN4
Added Room: Name=IN5
Added Room: Name=IN6
Added Room: Name=IN7
Added Room: Name=IN8
